current directory: /home/yyq/ruby_project/patientRecords/vender/bundle/ruby/2.3.0/gems/therubyracer-0.12.2/ext/v8
/usr/local/bin/ruby -r ./siteconf20160811-5698-qotwkd.rb extconf.rb
checking for main() in -lpthread... yes
creating Makefile

To see why this extension failed to compile, please check the mkmf.log which can be found here:

  /home/yyq/ruby_project/patientRecords/vender/bundle/ruby/2.3.0/extensions/x86_64-linux/2.3.0-static/therubyracer-0.12.2/mkmf.log

current directory: /home/yyq/ruby_project/patientRecords/vender/bundle/ruby/2.3.0/gems/therubyracer-0.12.2/ext/v8
make "DESTDIR=" clean

current directory: /home/yyq/ruby_project/patientRecords/vender/bundle/ruby/2.3.0/gems/therubyracer-0.12.2/ext/v8
make "DESTDIR="
compiling init.cc
compiling function.cc
compiling constraints.cc
compiling backref.cc
compiling accessor.cc
compiling trycatch.cc
compiling gc.cc
compiling primitive.cc
compiling string.cc
compiling locker.cc
compiling external.cc
compiling array.cc
compiling handles.cc
compiling signature.cc
compiling template.cc
compiling date.cc
compiling heap.cc
compiling message.cc
compiling script.cc
compiling rr.cc
compiling exception.cc
compiling v8.cc
compiling object.cc
compiling constants.cc
compiling invocation.cc
compiling value.cc
compiling context.cc
compiling stack.cc
linking shared-object v8/init.so

current directory: /home/yyq/ruby_project/patientRecords/vender/bundle/ruby/2.3.0/gems/therubyracer-0.12.2/ext/v8
make "DESTDIR=" install
/usr/bin/install -c -m 0755 init.so ./.gem.20160811-5698-1vp2jas/v8
